# JRE version: Java(TM) SE Runtime Environment (21.0.1+12) (build 21.0.1+12-LTS-29)
# Java VM: Java HotSpot(TM) 64-Bit Server VM (21.0.1+12-LTS-29, mixed mode, emulated-client, sharing, tiered, compressed oops, compressed class ptrs, g1 gc, windows-amd64)
GC Precious Log:
 CardTable entry size: 512
 Card Set container configuration: InlinePtr #cards 5 size 8 Array Of Cards #cards 12 size 40 Howl #buckets 4 coarsen threshold 1843 Howl Bitmap #cards 512 size 80 coarsen threshold 460 Card regions per heap region 1 cards per card region 2048
 CPUs: 4 total, 4 available
 Memory: 8061M
 Large Page Support: Disabled
 NUMA Support: Disabled
 Compressed Oops: Enabled (32-bit)
 Heap Region Size: 1M
 Heap Min Capacity: 8M
 Heap Initial Capacity: 126M
 Heap Max Capacity: 2016M
 Pre-touch: Disabled
 Parallel Workers: 4
 Concurrent Workers: 1
 Concurrent Refinement Workers: 4
 Periodic GC: Disabled
Heap:
 garbage-first heap   total 86016K, used 70826K [0x0000000082000000, 0x0000000100000000)
  region size 1024K, 46 young (47104K), 0 survivors (0K)
 Metaspace       used 66238K, committed 67008K, reserved 1114112K
  class space    used 9181K, committed 9536K, reserved 1048576K
GC Heap History (20 events):
Event: 5.694 GC heap before
{Heap before GC invocations=10 (full 0):
 garbage-first heap   total 66560K, used 54087K [0x0000000082000000, 0x0000000100000000)
  region size 1024K, 39 young (39936K), 4 survivors (4096K)
 Metaspace       used 32852K, committed 33408K, reserved 1114112K
  class space    used 4366K, committed 4608K, reserved 1048576K
}
Event: 5.703 GC heap after
{Heap after GC invocations=11 (full 0):
 garbage-first heap   total 66560K, used 19231K [0x0000000082000000, 0x0000000100000000)
  region size 1024K, 3 young (3072K), 3 survivors (3072K)
 Metaspace       used 32852K, committed 33408K, reserved 1114112K
  class space    used 4366K, committed 4608K, reserved 1048576K
}
Event: 6.058 GC heap before
{Heap before GC invocations=11 (full 0):
 garbage-first heap   total 66560K, used 46879K [0x0000000082000000, 0x0000000100000000)
  region size 1024K, 31 young (31744K), 3 survivors (3072K)
 Metaspace       used 35575K, committed 36096K, reserved 1114112K
  class space    used 4786K, committed 4992K, reserved 1048576K
}
Event: 6.065 GC heap after
{Heap after GC invocations=12 (full 0):
 garbage-first heap   total 79872K, used 19682K [0x0000000082000000, 0x0000000100000000)
  region size 1024K, 2 young (2048K), 2 survivors (2048K)
 Metaspace       used 35575K, committed 36096K, reserved 1114112K
  class space    used 4786K, committed 4992K, reserved 1048576K
}
Event: 6.741 GC heap before
{Heap before GC invocations=13 (full 0):
 garbage-first heap   total 79872K, used 64738K [0x0000000082000000, 0x0000000100000000)
  region size 1024K, 46 young (47104K), 2 survivors (2048K)
 Metaspace       used 39789K, committed 40320K, reserved 1114112K
  class space    used 5410K, committed 5632K, reserved 1048576K
}
Event: 6.746 GC heap after
{Heap after GC invocations=14 (full 0):
 garbage-first heap   total 79872K, used 20990K [0x0000000082000000, 0x0000000100000000)
  region size 1024K, 3 young (3072K), 3 survivors (3072K)
 Metaspace       used 39789K, committed 40320K, reserved 1114112K
  class space    used 5410K, committed 5632K, reserved 1048576K
}
Event: 7.523 GC heap before
{Heap before GC invocations=14 (full 0):
 garbage-first heap   total 79872K, used 65022K [0x0000000082000000, 0x0000000100000000)
  region size 1024K, 46 young (47104K), 3 survivors (3072K)
 Metaspace       used 46897K, committed 47552K, reserved 1114112K
  class space    used 6340K, committed 6656K, reserved 1048576K
}
Event: 7.532 GC heap after
{Heap after GC invocations=15 (full 0):
 garbage-first heap   total 79872K, used 22120K [0x0000000082000000, 0x0000000100000000)
  region size 1024K, 5 young (5120K), 5 survivors (5120K)
 Metaspace       used 46897K, committed 47552K, reserved 1114112K
  class space    used 6340K, committed 6656K, reserved 1048576K
}
Event: 8.043 GC heap before
{Heap before GC invocations=15 (full 0):
 garbage-first heap   total 79872K, used 63080K [0x0000000082000000, 0x0000000100000000)
  region size 1024K, 46 young (47104K), 5 survivors (5120K)
 Metaspace       used 50756K, committed 51328K, reserved 1114112K
  class space    used 6822K, committed 7104K, reserved 1048576K
}
Event: 8.051 GC heap after
{Heap after GC invocations=16 (full 0):
 garbage-first heap   total 79872K, used 23809K [0x0000000082000000, 0x0000000100000000)
  region size 1024K, 5 young (5120K), 5 survivors (5120K)
 Metaspace       used 50756K, committed 51328K, reserved 1114112K
  class space    used 6822K, committed 7104K, reserved 1048576K
}
Event: 8.617 GC heap before
{Heap before GC invocations=16 (full 0):
 garbage-first heap   total 79872K, used 64769K [0x0000000082000000, 0x0000000100000000)
  region size 1024K, 46 young (47104K), 5 survivors (5120K)
 Metaspace       used 55779K, committed 56384K, reserved 1114112K
  class space    used 7670K, committed 7936K, reserved 1048576K
}
Event: 8.624 GC heap after
{Heap after GC invocations=17 (full 0):
 garbage-first heap   total 79872K, used 24080K [0x0000000082000000, 0x0000000100000000)
  region size 1024K, 4 young (4096K), 4 survivors (4096K)
 Metaspace       used 55779K, committed 56384K, reserved 1114112K
  class space    used 7670K, committed 7936K, reserved 1048576K
}
Event: 9.382 GC heap before
{Heap before GC invocations=17 (full 0):
 garbage-first heap   total 79872K, used 67088K [0x0000000082000000, 0x0000000100000000)
  region size 1024K, 46 young (47104K), 4 survivors (4096K)
 Metaspace       used 59808K, committed 60480K, reserved 1114112K
  class space    used 8278K, committed 8576K, reserved 1048576K
}
Event: 9.391 GC heap after
{Heap after GC invocations=18 (full 0):
 garbage-first heap   total 79872K, used 25722K [0x0000000082000000, 0x0000000100000000)
  region size 1024K, 4 young (4096K), 4 survivors (4096K)
 Metaspace       used 59808K, committed 60480K, reserved 1114112K
  class space    used 8278K, committed 8576K, reserved 1048576K
}
Event: 9.429 GC heap before
{Heap before GC invocations=18 (full 0):
 garbage-first heap   total 79872K, used 28794K [0x0000000082000000, 0x0000000100000000)
  region size 1024K, 8 young (8192K), 4 survivors (4096K)
 Metaspace       used 60141K, committed 60800K, reserved 1114112K
  class space    used 8313K, committed 8640K, reserved 1048576K
}
Event: 9.436 GC heap after
{Heap after GC invocations=19 (full 0):
 garbage-first heap   total 96256K, used 26052K [0x0000000082000000, 0x0000000100000000)
  region size 1024K, 3 young (3072K), 3 survivors (3072K)
 Metaspace       used 60141K, committed 60800K, reserved 1114112K
  class space    used 8313K, committed 8640K, reserved 1048576K
}
Event: 10.213 GC heap before
{Heap before GC invocations=20 (full 0):
 garbage-first heap   total 96256K, used 80324K [0x0000000082000000, 0x0000000100000000)
  region size 1024K, 56 young (57344K), 3 survivors (3072K)
 Metaspace       used 63965K, committed 64640K, reserved 1114112K
  class space    used 8862K, committed 9152K, reserved 1048576K
}
Event: 10.223 GC heap after
{Heap after GC invocations=21 (full 0):
 garbage-first heap   total 96256K, used 29119K [0x0000000082000000, 0x0000000100000000)
  region size 1024K, 6 young (6144K), 6 survivors (6144K)
 Metaspace       used 63965K, committed 64640K, reserved 1114112K
  class space    used 8862K, committed 9152K, reserved 1048576K
}
Event: 674.880 GC heap before
{Heap before GC invocations=21 (full 0):
 garbage-first heap   total 96256K, used 58815K [0x0000000082000000, 0x0000000100000000)
  region size 1024K, 37 young (37888K), 6 survivors (6144K)
 Metaspace       used 66165K, committed 66944K, reserved 1114112K
  class space    used 9169K, committed 9536K, reserved 1048576K
}
Event: 674.959 GC heap after
{Heap after GC invocations=22 (full 1):
 garbage-first heap   total 86016K, used 24746K [0x0000000082000000, 0x0000000100000000)
  region size 1024K, 0 young (0K), 0 survivors (0K)
 Metaspace       used 66165K, committed 66944K, reserved 1114112K
  class space    used 9169K, committed 9536K, reserved 1048576K
}

